● containerd.service - containerd container runtime
     Loaded: loaded (/lib/systemd/system/containerd.service; enabled; preset: enabled)
     Active: active (running) since Wed 2025-01-22 01:16:47 JST; 11h ago
       Docs: https://containerd.io
   Main PID: 637 (containerd)
      Tasks: 97
     Memory: 273.8M
        CPU: 15min 26.358s
     CGroup: /system.slice/containerd.service
             ├─  637 /usr/bin/containerd
             ├─ 2444 /usr/bin/containerd-shim-runc-v2 -namespace k8s.io -id dcb815ce2b21be8d8bd5712cf7ac5c0495da52f56edb0319121800e8eb9c7b51 -address /run/containerd/containerd.sock
             ├─ 2445 /usr/bin/containerd-shim-runc-v2 -namespace k8s.io -id 4bb68be1a82a1aa966bd5d61500c7b861cc746b36013caa89bab7ebb58585109 -address /run/containerd/containerd.sock
             ├─ 2455 /usr/bin/containerd-shim-runc-v2 -namespace k8s.io -id c8e8e1477a9b7722b0449f304f6793630c9633e2d44d06bd56ae59cf7af69ec1 -address /run/containerd/containerd.sock
             ├─ 2460 /usr/bin/containerd-shim-runc-v2 -namespace k8s.io -id 3012e8d142a93c01c0d20b0883f40b6873aa9799dd487b319fb02f9b553d3425 -address /run/containerd/containerd.sock
             ├─ 2813 /usr/bin/containerd-shim-runc-v2 -namespace k8s.io -id 85705a30fbc0bb7f94dfc1ca768a4f1c93f0d3c9929fd699a665d4b13b475361 -address /run/containerd/containerd.sock
             └─24980 /usr/bin/containerd-shim-runc-v2 -namespace k8s.io -id aded2b28b96935be48975b58d010d5bfa71521b6c5e3f85900fb30276a626da5 -address /run/containerd/containerd.sock

Jan 22 01:53:11 master containerd[637]: time="2025-01-22T01:53:11.034493699+09:00" level=warning msg="Failed to get podSandbox status for container event for sandboxID \"5af9043b9fe80a121fa63cd30efc6be1b6a4cea655661e7b37967041b27cea4d\":>
Jan 22 01:53:11 master containerd[637]: time="2025-01-22T01:53:11.034632400+09:00" level=info msg="RemovePodSandbox \"5af9043b9fe80a121fa63cd30efc6be1b6a4cea655661e7b37967041b27cea4d\" returns successfully"
Jan 22 01:53:11 master containerd[637]: time="2025-01-22T01:53:11.035858704+09:00" level=info msg="StopPodSandbox for \"94e20fb4f650c1c60e396e0e033e67a184acd3dd43e05e7213471ea879972c00\""
Jan 22 01:53:11 master containerd[637]: time="2025-01-22T01:53:11.036131309+09:00" level=info msg="TearDown network for sandbox \"94e20fb4f650c1c60e396e0e033e67a184acd3dd43e05e7213471ea879972c00\" successfully"
Jan 22 01:53:11 master containerd[637]: time="2025-01-22T01:53:11.036170660+09:00" level=info msg="StopPodSandbox for \"94e20fb4f650c1c60e396e0e033e67a184acd3dd43e05e7213471ea879972c00\" returns successfully"
Jan 22 01:53:11 master containerd[637]: time="2025-01-22T01:53:11.037407260+09:00" level=info msg="RemovePodSandbox for \"94e20fb4f650c1c60e396e0e033e67a184acd3dd43e05e7213471ea879972c00\""
Jan 22 01:53:11 master containerd[637]: time="2025-01-22T01:53:11.037536220+09:00" level=info msg="Forcibly stopping sandbox \"94e20fb4f650c1c60e396e0e033e67a184acd3dd43e05e7213471ea879972c00\""
Jan 22 01:53:11 master containerd[637]: time="2025-01-22T01:53:11.037766178+09:00" level=info msg="TearDown network for sandbox \"94e20fb4f650c1c60e396e0e033e67a184acd3dd43e05e7213471ea879972c00\" successfully"
Jan 22 01:53:11 master containerd[637]: time="2025-01-22T01:53:11.237730168+09:00" level=warning msg="Failed to get podSandbox status for container event for sandboxID \"94e20fb4f650c1c60e396e0e033e67a184acd3dd43e05e7213471ea879972c00\":>
Jan 22 01:53:11 master containerd[637]: time="2025-01-22T01:53:11.237881331+09:00" level=info msg="RemovePodSandbox \"94e20fb4f650c1c60e396e0e033e67a184acd3dd43e05e7213471ea879972c00\" returns successfully"
