● kubelet.service - kubelet: The Kubernetes Node Agent
     Loaded: loaded (/lib/systemd/system/kubelet.service; enabled; preset: enabled)
    Drop-In: /usr/lib/systemd/system/kubelet.service.d
             └─10-kubeadm.conf
     Active: active (running) since Wed 2025-01-22 01:19:26 JST; 11h ago
       Docs: https://kubernetes.io/docs/
   Main PID: 2776 (kubelet)
      Tasks: 13 (limit: 8732)
     Memory: 38.7M
        CPU: 31min 32.423s
     CGroup: /system.slice/kubelet.service
             └─2776 /usr/bin/kubelet --bootstrap-kubeconfig=/etc/kubernetes/bootstrap-kubelet.conf --kubeconfig=/etc/kubernetes/kubelet.conf --config=/var/lib/kubelet/config.yaml --container-runtime-endpoint=unix:///var/run/containerd/co>

Jan 22 01:52:19 master kubelet[2776]: I0122 01:52:19.338524    2776 reconciler_common.go:293] "Volume detached for volume \"kube-api-access-qcr4r\" (UniqueName: \"kubernetes.io/projected/c3e56a44-27e7-4f1d-b28a-273ef604fedc-kube-api-acce>
Jan 22 01:52:20 master kubelet[2776]: I0122 01:52:20.064792    2776 pod_container_deletor.go:80] "Container not found in pod's containers" containerID="15b7370b616ac691b1a9bc6496c1031948945704896afc9aa46200b60e73b334"
Jan 22 01:52:20 master kubelet[2776]: I0122 01:52:20.244424    2776 reconciler_common.go:159] "operationExecutor.UnmountVolume started for volume \"kube-api-access-rlcgl\" (UniqueName: \"kubernetes.io/projected/f415284e-a16e-42c9-9670-c2>
Jan 22 01:52:20 master kubelet[2776]: I0122 01:52:20.244875    2776 reconciler_common.go:159] "operationExecutor.UnmountVolume started for volume \"config-volume\" (UniqueName: \"kubernetes.io/configmap/f415284e-a16e-42c9-9670-c2d1a66f5d>
Jan 22 01:52:20 master kubelet[2776]: I0122 01:52:20.245836    2776 operation_generator.go:803] UnmountVolume.TearDown succeeded for volume "kubernetes.io/configmap/f415284e-a16e-42c9-9670-c2d1a66f5d88-config-volume" (OuterVolumeSpecName>
Jan 22 01:52:20 master kubelet[2776]: I0122 01:52:20.251418    2776 operation_generator.go:803] UnmountVolume.TearDown succeeded for volume "kubernetes.io/projected/f415284e-a16e-42c9-9670-c2d1a66f5d88-kube-api-access-rlcgl" (OuterVolume>
Jan 22 01:52:20 master kubelet[2776]: I0122 01:52:20.346441    2776 reconciler_common.go:293] "Volume detached for volume \"config-volume\" (UniqueName: \"kubernetes.io/configmap/f415284e-a16e-42c9-9670-c2d1a66f5d88-config-volume\") on n>
Jan 22 01:52:20 master kubelet[2776]: I0122 01:52:20.346531    2776 reconciler_common.go:293] "Volume detached for volume \"kube-api-access-rlcgl\" (UniqueName: \"kubernetes.io/projected/f415284e-a16e-42c9-9670-c2d1a66f5d88-kube-api-acce>
Jan 22 01:52:20 master kubelet[2776]: I0122 01:52:20.704927    2776 kubelet_volumes.go:163] "Cleaned up orphaned pod volumes dir" podUID="c3e56a44-27e7-4f1d-b28a-273ef604fedc" path="/var/lib/kubelet/pods/c3e56a44-27e7-4f1d-b28a-273ef604f>
Jan 22 01:52:22 master kubelet[2776]: I0122 01:52:22.709858    2776 kubelet_volumes.go:163] "Cleaned up orphaned pod volumes dir" podUID="f415284e-a16e-42c9-9670-c2d1a66f5d88" path="/var/lib/kubelet/pods/f415284e-a16e-42c9-9670-c2d1a66f5>
